<?xml version="1.0" encoding="UTF-8"?>
<!-- Generated by org.testng.reporters.JUnitReportReporter -->
<testsuite skipped="1" hostname="SJC1-LDL-64356" name="listeners.TestNGListenersDemo2" tests="3" failures="0" timestamp="2020-05-18T19:56:43 PDT" time="0.000" errors="0">
  <testcase name="test5" time="0.000" classname="listeners.TestNGListenersDemo2"/>
  <system-out/>
  <testcase name="test6" time="0.000" classname="listeners.TestNGListenersDemo2">
    <skipped/>
  </testcase> <!-- test6 -->
  <system-out/>
  <testcase name="test4" time="0.000" classname="listeners.TestNGListenersDemo2"/>
  <system-out/>
</testsuite> <!-- listeners.TestNGListenersDemo2 -->
