<?xml version="1.0" encoding="UTF-8"?>
<!-- Generated by org.testng.reporters.JUnitReportReporter -->
<testsuite skipped="0" hostname="SJC1-LDL-64356" name="demo.TestNGParametersDemo" tests="1" failures="0" timestamp="2020-05-20T16:50:00 PDT" time="0.007" errors="0">
  <testcase name="test" time="0.007" classname="demo.TestNGParametersDemo"/>
  <system-out/>
</testsuite> <!-- demo.TestNGParametersDemo -->
