<?xml version="1.0" encoding="UTF-8"?>
<!-- Generated by org.testng.reporters.JUnitReportReporter -->
<testsuite skipped="0" hostname="SJC1-LDL-64356" name="test.ExtentReportsDemoTestNG" tests="1" failures="0" timestamp="2020-05-13T17:21:03 PDT" time="2.389" errors="0">
  <testcase name="test1" time="2.389" classname="test.ExtentReportsDemoTestNG"/>
  <system-out/>
</testsuite> <!-- test.ExtentReportsDemoTestNG -->
