<?xml version="1.0" encoding="UTF-8"?>
<!-- Generated by org.testng.reporters.JUnitReportReporter -->
<testsuite skipped="0" hostname="SJC1-LDL-64356" name="demo.TestNGGroupsDemo" tests="4" failures="0" timestamp="2020-05-20T16:59:04 PDT" time="0.009" errors="0">
  <testcase name="test1" time="0.007" classname="demo.TestNGGroupsDemo"/>
  <system-out/>
  <testcase name="test4" time="0.000" classname="demo.TestNGGroupsDemo"/>
  <system-out/>
  <testcase name="test2" time="0.001" classname="demo.TestNGGroupsDemo"/>
  <system-out/>
  <testcase name="test3" time="0.001" classname="demo.TestNGGroupsDemo"/>
  <system-out/>
</testsuite> <!-- demo.TestNGGroupsDemo -->
