<?xml version="1.0" encoding="UTF-8"?>
<!-- Generated by org.testng.reporters.JUnitReportReporter -->
<testsuite skipped="1" hostname="SJC1-LDL-64356" name="demo.TestNGIgnoreDemo" tests="2" failures="0" timestamp="2020-05-20T17:06:39 PDT" time="0.006" errors="0">
  <testcase name="test2" time="0.006" classname="demo.TestNGIgnoreDemo"/>
  <system-out/>
  <testcase name="test1" classname="demo.TestNGIgnoreDemo">
    <skipped/>
  </testcase> <!-- test1 -->
  <system-out/>
</testsuite> <!-- demo.TestNGIgnoreDemo -->
