<?xml version="1.0" encoding="UTF-8"?>
<!-- Generated by org.testng.reporters.JUnitReportReporter -->
<testsuite skipped="0" hostname="SJC1-LDL-64356" name="demo.TestNGPriorityDemo" tests="3" failures="0" timestamp="2020-05-19T18:32:39 PDT" time="0.006" errors="0">
  <testcase name="three" time="0.000" classname="demo.TestNGPriorityDemo"/>
  <system-out/>
  <testcase name="one" time="0.006" classname="demo.TestNGPriorityDemo"/>
  <system-out/>
  <testcase name="two" time="0.000" classname="demo.TestNGPriorityDemo"/>
  <system-out/>
</testsuite> <!-- demo.TestNGPriorityDemo -->
