<?xml version="1.0" encoding="UTF-8"?>
<!-- Generated by org.testng.reporters.JUnitReportReporter -->
<testsuite skipped="0" hostname="SJC1-LDL-64356" name="utils.ExcelDataProvider" tests="3" failures="0" timestamp="2020-05-18T16:50:45 PDT" time="13.030" errors="0">
  <testcase name="test1" time="2.533" classname="utils.ExcelDataProvider"/>
  <system-out/>
  <testcase name="test1" time="7.937" classname="utils.ExcelDataProvider"/>
  <system-out/>
  <testcase name="test1" time="2.560" classname="utils.ExcelDataProvider"/>
  <system-out/>
</testsuite> <!-- utils.ExcelDataProvider -->
