<?xml version="1.0" encoding="UTF-8"?>
<!-- Generated by org.testng.reporters.JUnitReportReporter -->
<testsuite skipped="0" hostname="SJC1-LDL-64356" name="test.TestNG_Demo2" tests="1" failures="0" timestamp="2020-05-13T18:40:19 PDT" time="9.262" errors="0">
  <testcase name="googleSearch3" time="9.262" classname="test.TestNG_Demo2"/>
  <system-out/>
</testsuite> <!-- test.TestNG_Demo2 -->
